<?xml version="1.0" encoding="UTF-8"?>
<!-- Generated by org.testng.reporters.JUnitReportReporter -->
<testsuite skipped="0" hostname="dell-PC" name="testng7.features.Test2" tests="1" failures="0" timestamp="2019-08-22T18:22:36 IST" time="0.035" errors="0">
  <testcase name="testcase2" time="0.035" classname="testng7.features.Test2"/>
</testsuite> <!-- testng7.features.Test2 -->
