<?xml version="1.0" encoding="UTF-8"?>
<!-- Generated by org.testng.reporters.JUnitReportReporter -->
<testsuite skipped="0" hostname="dell-PC" name="testng7.features.FactoryTest" tests="2" failures="0" timestamp="2019-08-22T15:58:09 IST" time="0.015" errors="0">
  <testcase name="testMethod" time="0.015" classname="testng7.features.FactoryTest"/>
  <testcase name="testMethod" time="0.000" classname="testng7.features.FactoryTest"/>
</testsuite> <!-- testng7.features.FactoryTest -->
