<?xml version="1.0" encoding="UTF-8"?>
<!-- Generated by org.testng.reporters.JUnitReportReporter -->
<testsuite skipped="0" hostname="dell-PC" name="testng7.features.SimpleTest" tests="2" failures="0" timestamp="2019-08-22T14:41:33 IST" time="0.028" errors="0">
  <testcase name="testMethod" time="0.022" classname="testng7.features.SimpleTest"/>
  <testcase name="testMethod" time="0.006" classname="testng7.features.SimpleTest"/>
</testsuite> <!-- testng7.features.SimpleTest -->
