<?xml version="1.0" encoding="UTF-8"?>
<!-- Generated by org.testng.reporters.JUnitReportReporter -->
<testsuite skipped="0" hostname="dell-PC" name="testng7.features.DataProviderAtClass" tests="4" failures="0" timestamp="2019-08-21T16:52:12 IST" time="19.742" errors="0">
  <testcase name="login" time="10.641" classname="testng7.features.DataProviderAtClass"/>
  <testcase name="data" time="0.027" classname="testng7.features.DataProviderAtClass"/>
  <testcase name="data" time="0.008" classname="testng7.features.DataProviderAtClass"/>
  <testcase name="login" time="9.066" classname="testng7.features.DataProviderAtClass"/>
</testsuite> <!-- testng7.features.DataProviderAtClass -->
