<?xml version="1.0" encoding="UTF-8"?>
<!-- Generated by org.testng.reporters.JUnitReportReporter -->
<testsuite skipped="0" hostname="dell-PC" name="testng7.features.DataDrivenTest" tests="4" failures="0" timestamp="2019-08-21T16:39:23 IST" time="24.430" errors="0">
  <testcase name="login" time="16.845" classname="testng7.features.DataDrivenTest"/>
  <testcase name="data" time="0.025" classname="testng7.features.DataDrivenTest"/>
  <testcase name="data" time="0.005" classname="testng7.features.DataDrivenTest"/>
  <testcase name="login" time="7.555" classname="testng7.features.DataDrivenTest"/>
</testsuite> <!-- testng7.features.DataDrivenTest -->
